  [1m[35m (75.7ms)[0m  [1m[35mCREATE TABLE "schema_migrations" ("version" character varying PRIMARY KEY)[0m
  [1m[35m (63.9ms)[0m  [1m[35mCREATE TABLE "ar_internal_metadata" ("key" character varying PRIMARY KEY, "value" character varying, "created_at" timestamp NOT NULL, "updated_at" timestamp NOT NULL)[0m
  [1m[35m (0.1ms)[0m  [1m[34mSELECT pg_try_advisory_lock(7501268506759722030);[0m
  [1m[36mActiveRecord::SchemaMigration Load (0.3ms)[0m  [1m[34mSELECT "schema_migrations".* FROM "schema_migrations"[0m
Migrating to CreateAdminUser (20171128123826)
  [1m[35m (0.1ms)[0m  [1m[35mBEGIN[0m
  [1m[35m (51.6ms)[0m  [1m[35mCREATE TABLE "admin_users" ("id" serial primary key, "code" character varying, "username" character varying, "account" character varying, "password" character varying DEFAULT '' NOT NULL, "state" integer)[0m
  [1m[35m (0.2ms)[0m  [1m[35mCOMMENT ON COLUMN "admin_users"."code" IS '用户编号'[0m
  [1m[35m (0.1ms)[0m  [1m[35mCOMMENT ON COLUMN "admin_users"."username" IS '用户名'[0m
  [1m[35m (0.1ms)[0m  [1m[35mCOMMENT ON COLUMN "admin_users"."account" IS '账户'[0m
  [1m[35m (0.1ms)[0m  [1m[35mCOMMENT ON COLUMN "admin_users"."state" IS '用户状态 1:正常 2:冻结 3:注销'[0m
  [1m[35mSQL (0.3ms)[0m  [1m[32mINSERT INTO "schema_migrations" ("version") VALUES ($1) RETURNING "version"[0m  [["version", "20171128123826"]]
  [1m[35m (12.9ms)[0m  [1m[35mCOMMIT[0m
  [1m[36mActiveRecord::InternalMetadata Load (0.2ms)[0m  [1m[34mSELECT  "ar_internal_metadata".* FROM "ar_internal_metadata" WHERE "ar_internal_metadata"."key" = $1 LIMIT $2[0m  [["key", "environment"], ["LIMIT", 1]]
  [1m[35m (0.1ms)[0m  [1m[35mBEGIN[0m
  [1m[35mSQL (0.3ms)[0m  [1m[32mINSERT INTO "ar_internal_metadata" ("key", "value", "created_at", "updated_at") VALUES ($1, $2, $3, $4) RETURNING "key"[0m  [["key", "environment"], ["value", "development"], ["created_at", "2017-12-03 09:49:26.314646"], ["updated_at", "2017-12-03 09:49:26.314646"]]
  [1m[35m (9.9ms)[0m  [1m[35mCOMMIT[0m
  [1m[35m (0.2ms)[0m  [1m[34mSELECT pg_advisory_unlock(7501268506759722030)[0m
  [1m[36mActiveRecord::SchemaMigration Load (0.2ms)[0m  [1m[34mSELECT "schema_migrations".* FROM "schema_migrations"[0m
  [1m[35m (0.2ms)[0m  [1m[34mSELECT pg_try_advisory_lock(7501268506759722030);[0m
  [1m[36mActiveRecord::SchemaMigration Load (0.3ms)[0m  [1m[34mSELECT "schema_migrations".* FROM "schema_migrations"[0m
  [1m[36mActiveRecord::InternalMetadata Load (0.2ms)[0m  [1m[34mSELECT  "ar_internal_metadata".* FROM "ar_internal_metadata" WHERE "ar_internal_metadata"."key" = $1 LIMIT $2[0m  [["key", "environment"], ["LIMIT", 1]]
  [1m[35m (0.1ms)[0m  [1m[35mBEGIN[0m
  [1m[35m (0.1ms)[0m  [1m[35mCOMMIT[0m
  [1m[35m (0.1ms)[0m  [1m[34mSELECT pg_advisory_unlock(7501268506759722030)[0m
  [1m[36mActiveRecord::SchemaMigration Load (0.2ms)[0m  [1m[34mSELECT "schema_migrations".* FROM "schema_migrations"[0m
  [1m[35m (0.2ms)[0m  [1m[34mSELECT pg_try_advisory_lock(7501268506759722030);[0m
  [1m[36mActiveRecord::SchemaMigration Load (0.3ms)[0m  [1m[34mSELECT "schema_migrations".* FROM "schema_migrations"[0m
Migrating to CreateAdminUser (20171203101331)
  [1m[35m (0.1ms)[0m  [1m[35mBEGIN[0m
  [1m[35m (74.5ms)[0m  [1m[35mCREATE TABLE "admin_users" ("id" serial primary key, "code" character varying, "username" character varying, "account" character varying, "password" character varying DEFAULT '' NOT NULL, "state" integer, "created_at" timestamp NOT NULL, "updated_at" timestamp NOT NULL)[0m
  [1m[35m (0.2ms)[0m  [1m[35mCOMMENT ON COLUMN "admin_users"."code" IS '用户编号'[0m
  [1m[35m (0.2ms)[0m  [1m[35mCOMMENT ON COLUMN "admin_users"."username" IS '用户名'[0m
  [1m[35m (0.1ms)[0m  [1m[35mCOMMENT ON COLUMN "admin_users"."account" IS '账户'[0m
  [1m[35m (0.1ms)[0m  [1m[35mCOMMENT ON COLUMN "admin_users"."state" IS '用户状态 1:正常 2:冻结 3:注销'[0m
  [1m[35mSQL (0.2ms)[0m  [1m[32mINSERT INTO "schema_migrations" ("version") VALUES ($1) RETURNING "version"[0m  [["version", "20171203101331"]]
  [1m[35m (11.8ms)[0m  [1m[35mCOMMIT[0m
  [1m[36mActiveRecord::InternalMetadata Load (0.2ms)[0m  [1m[34mSELECT  "ar_internal_metadata".* FROM "ar_internal_metadata" WHERE "ar_internal_metadata"."key" = $1 LIMIT $2[0m  [["key", "environment"], ["LIMIT", 1]]
  [1m[35m (0.1ms)[0m  [1m[35mBEGIN[0m
  [1m[35m (0.1ms)[0m  [1m[35mCOMMIT[0m
  [1m[35m (0.3ms)[0m  [1m[34mSELECT pg_advisory_unlock(7501268506759722030)[0m
  [1m[36mActiveRecord::SchemaMigration Load (0.1ms)[0m  [1m[34mSELECT "schema_migrations".* FROM "schema_migrations"[0m
  [1m[35m (0.2ms)[0m  [1m[34mSELECT pg_try_advisory_lock(7501268506759722030);[0m
  [1m[36mActiveRecord::SchemaMigration Load (0.2ms)[0m  [1m[34mSELECT "schema_migrations".* FROM "schema_migrations"[0m
Migrating to CreateAdminRole (20171203101504)
  [1m[35m (0.1ms)[0m  [1m[35mBEGIN[0m
  [1m[35m (79.4ms)[0m  [1m[35mCREATE TABLE "admin_roles" ("id" serial primary key, "code" character varying, "title" character varying, "created_at" timestamp NOT NULL, "updated_at" timestamp NOT NULL)[0m
  [1m[35m (0.2ms)[0m  [1m[35mCOMMENT ON COLUMN "admin_roles"."code" IS '角色代码'[0m
  [1m[35m (0.2ms)[0m  [1m[35mCOMMENT ON COLUMN "admin_roles"."title" IS '角色名称'[0m
  [1m[35mSQL (0.2ms)[0m  [1m[32mINSERT INTO "schema_migrations" ("version") VALUES ($1) RETURNING "version"[0m  [["version", "20171203101504"]]
  [1m[35m (11.6ms)[0m  [1m[35mCOMMIT[0m
  [1m[36mActiveRecord::InternalMetadata Load (0.3ms)[0m  [1m[34mSELECT  "ar_internal_metadata".* FROM "ar_internal_metadata" WHERE "ar_internal_metadata"."key" = $1 LIMIT $2[0m  [["key", "environment"], ["LIMIT", 1]]
  [1m[35m (0.1ms)[0m  [1m[35mBEGIN[0m
  [1m[35m (0.1ms)[0m  [1m[35mCOMMIT[0m
  [1m[35m (0.1ms)[0m  [1m[34mSELECT pg_advisory_unlock(7501268506759722030)[0m
  [1m[36mActiveRecord::SchemaMigration Load (0.1ms)[0m  [1m[34mSELECT "schema_migrations".* FROM "schema_migrations"[0m
  [1m[35m (0.1ms)[0m  [1m[34mSELECT pg_try_advisory_lock(7501268506759722030);[0m
  [1m[36mActiveRecord::SchemaMigration Load (0.3ms)[0m  [1m[34mSELECT "schema_migrations".* FROM "schema_migrations"[0m
Migrating to CreateAdminUserRoleRelation (20171203120308)
  [1m[35m (0.1ms)[0m  [1m[35mBEGIN[0m
  [1m[35m (54.6ms)[0m  [1m[35mCREATE TABLE "admin_user_role_relations" ("id" serial primary key, "user_id" character varying, "role_id" character varying, "created_at" timestamp NOT NULL, "updated_at" timestamp NOT NULL)[0m
  [1m[35m (0.2ms)[0m  [1m[35mCOMMENT ON COLUMN "admin_user_role_relations"."user_id" IS '用户id'[0m
  [1m[35m (0.2ms)[0m  [1m[35mCOMMENT ON COLUMN "admin_user_role_relations"."role_id" IS '角色id'[0m
  [1m[35mSQL (0.2ms)[0m  [1m[32mINSERT INTO "schema_migrations" ("version") VALUES ($1) RETURNING "version"[0m  [["version", "20171203120308"]]
  [1m[35m (14.7ms)[0m  [1m[35mCOMMIT[0m
  [1m[36mActiveRecord::InternalMetadata Load (0.2ms)[0m  [1m[34mSELECT  "ar_internal_metadata".* FROM "ar_internal_metadata" WHERE "ar_internal_metadata"."key" = $1 LIMIT $2[0m  [["key", "environment"], ["LIMIT", 1]]
  [1m[35m (0.1ms)[0m  [1m[35mBEGIN[0m
  [1m[35m (0.1ms)[0m  [1m[35mCOMMIT[0m
  [1m[35m (0.2ms)[0m  [1m[34mSELECT pg_advisory_unlock(7501268506759722030)[0m
  [1m[36mActiveRecord::SchemaMigration Load (0.1ms)[0m  [1m[34mSELECT "schema_migrations".* FROM "schema_migrations"[0m
